<?xml version="1.0" encoding="UTF-8"?>
<testsuite xmlns:xsi="http://www.w3.org/2001/XMLSchema-instance" xsi:noNamespaceSchemaLocation="https://maven.apache.org/surefire/maven-surefire-plugin/xsd/surefire-test-report.xsd" name="iTj.solutions.ArrayEvaluatorImplTest" time="0.254" tests="9" errors="0" skipped="0" failures="0">
  <properties>
[...]
</properties>
  <testcase name="getIndexesToAddForTarget_ShouldThrowAnIllegalArgumentException_WhenGivenArrayIsNull" classname="iTj.solutions.ArrayEvaluatorImplTest" time="0.22"/>
  <testcase name="getMissedNumbersInArrayComparedToArrayLength_ShouldReturnAnArrayOfNumbersFromLengthSequence_MissedOnArrayParameter" classname="iTj.solutions.ArrayEvaluatorImplTest" time="0.009"/>
  <testcase name="getIndexesToAddForTarget_ShouldReturnAnArrayOfTwoIndexesOnArray_ThatAreEqualsToTarget_WhenTheyAreAdded" classname="iTj.solutions.ArrayEvaluatorImplTest" time="0.001"/>
  <testcase name="getIndexesToAddForTarget_ShouldThrowAnIllegalArgumentException_WhenIsNotPossibleToGetTheTarget" classname="iTj.solutions.ArrayEvaluatorImplTest" time="0"/>
  <testcase name="getIndexesToAddForTarget_ShouldThrowAnIllegalArgumentException_WhenIsTheOnlyWayToGetTargetIsToSumSameValueTwice" classname="iTj.solutions.ArrayEvaluatorImplTest" time="0"/>
  <testcase name="getMissedNumbersInArrayComparedToArrayLength_ShouldThrowAnIllegalArgumentException_WhenArrayIsNull" classname="iTj.solutions.ArrayEvaluatorImplTest" time="0"/>
  <testcase name="getMissedNumbersInArrayComparedToArrayLength_ShouldThrowAnIllegalArgumentException_WhenArrayIsEmpty" classname="iTj.solutions.ArrayEvaluatorImplTest" time="0"/>
  <testcase name="getMissedNumbersInArrayComparedToArrayLength_ShouldThrowAnIllegalArgumentException_WhenArrayContainsAllNumbersOnLength" classname="iTj.solutions.ArrayEvaluatorImplTest" time="0"/>
  <testcase name="getIndexesToAddForTarget_ShouldThrowAnIllegalArgumentException_WhenGivenArrayIsEmpty" classname="iTj.solutions.ArrayEvaluatorImplTest" time="0"/>
</testsuite>